<?xml version="1.0" encoding="UTF-8"?>
<testng-results skipped="0" failed="0" ignored="0" total="1" passed="1">
  <reporter-output>
  </reporter-output>
  <suite name="Default suite" duration-ms="17622" started-at="2021-03-28T11:27:35 IST" finished-at="2021-03-28T11:27:53 IST">
    <groups>
    </groups>
    <test name="Default test" duration-ms="17622" started-at="2021-03-28T11:27:35 IST" finished-at="2021-03-28T11:27:53 IST">
      <class name="seleniumTest.DockerChromeNoteTest">
        <test-method status="PASS" signature="dockerTest()[pri:0, instance:seleniumTest.DockerChromeNoteTest@9660f4e]" name="dockerTest" duration-ms="16156" started-at="2021-03-28T11:27:35 IST" finished-at="2021-03-28T11:27:51 IST">
          <reporter-output>
          </reporter-output>
        </test-method> <!-- dockerTest -->
        <test-method status="PASS" signature="quit()[pri:0, instance:seleniumTest.DockerChromeNoteTest@9660f4e]" name="quit" is-config="true" duration-ms="1317" started-at="2021-03-28T11:27:51 IST" finished-at="2021-03-28T11:27:53 IST">
          <reporter-output>
          </reporter-output>
        </test-method> <!-- quit -->
      </class> <!-- seleniumTest.DockerChromeNoteTest -->
    </test> <!-- Default test -->
  </suite> <!-- Default suite -->
</testng-results>
